Arguments: 
  /Users/kentnguyen/.nvm/versions/node/v10.20.1/bin/node /usr/local/Cellar/yarn/1.22.11/libexec/bin/yarn.js init

PATH: 
  /Users/kentnguyen/.rvm/gems/ruby-2.6.3/bin:/Users/kentnguyen/.rvm/gems/ruby-2.6.3@global/bin:/Users/kentnguyen/.rvm/rubies/ruby-2.6.3/bin:/Users/kentnguyen/go/bin:/usr/local/opt/php@7.3/sbin:/usr/local/opt/php@7.3/bin:/Users/kentnguyen/.nvm/versions/node/v10.20.1/bin:/usr/local/bin:/usr/bin:/bin:/usr/sbin:/sbin:/Applications/VMware Fusion.app/Contents/Public:/usr/local/share/dotnet:~/.dotnet/tools:/Library/Apple/usr/bin:/Library/Frameworks/Mono.framework/Versions/Current/Commands:/Users/kentnguyen/.rvm/gems/ruby-2.6.3/bin:/Users/kentnguyen/.rvm/gems/ruby-2.6.3@global/bin:/Users/kentnguyen/.rvm/rubies/ruby-2.6.3/bin:/Users/kentnguyen/go/bin:/usr/local/opt/php@7.3/sbin:/usr/local/opt/php@7.3/bin:/Users/kentnguyen/.nvm/versions/node/v10.20.1/bin:/Users/kentnguyen/.dotnet/tools:/Users/kentnguyen/Library/Android/sdk/platform-tools/:/Users/kentnguyen/.rvm/bin:/Users/kentnguyen/.dotnet/tools:/Users/kentnguyen/Library/Android/sdk/platform-tools/

Yarn version: 
  1.22.11

Node version: 
  10.20.1

Platform: 
  darwin x64

Trace: 
  Error: canceled
      at Interface.<anonymous> (/usr/local/Cellar/yarn/1.22.11/libexec/lib/cli.js:137023:13)
      at Interface.emit (events.js:198:13)
      at Interface._ttyWrite (readline.js:801:16)
      at ReadStream.onkeypress (readline.js:184:10)
      at ReadStream.emit (events.js:198:13)
      at emitKeys (internal/readline.js:424:14)
      at emitKeys.next (<anonymous>)
      at ReadStream.onData (readline.js:1073:36)
      at ReadStream.emit (events.js:198:13)
      at addChunk (_stream_readable.js:288:12)

npm manifest: 
  No manifest

yarn manifest: 
  No manifest

Lockfile: 
  No lockfile
